[INFO]-[2022/01/16 14:49:29] Cloning: 1642344557965's clone job's data is not in database, generating data
[INFO]-[2022/01/16 14:49:29] DB Copy: Creating table wpstg0_actionscheduler_actions
[INFO]-[2022/01/16 14:49:29] DB Copy: Table wp_actionscheduler_actions contains 8 rows 
[INFO]-[2022/01/16 14:49:29] DB Copy: Copy data from wp_actionscheduler_actions to wpstg0_actionscheduler_actions - 0 to 10000 records
[INFO]-[2022/01/16 14:49:29] DB Copy: Creating table wpstg0_actionscheduler_claims
[INFO]-[2022/01/16 14:49:29] DB Copy: Table wp_actionscheduler_claims contains 0 rows 
[INFO]-[2022/01/16 14:49:30] DB Copy: Creating table wpstg0_actionscheduler_groups
[INFO]-[2022/01/16 14:49:30] DB Copy: Table wp_actionscheduler_groups contains 2 rows 
[INFO]-[2022/01/16 14:49:30] DB Copy: Copy data from wp_actionscheduler_groups to wpstg0_actionscheduler_groups - 0 to 10000 records
[INFO]-[2022/01/16 14:49:30] DB Copy: Creating table wpstg0_actionscheduler_logs
[INFO]-[2022/01/16 14:49:30] DB Copy: Table wp_actionscheduler_logs contains 16 rows 
[INFO]-[2022/01/16 14:49:30] DB Copy: Copy data from wp_actionscheduler_logs to wpstg0_actionscheduler_logs - 0 to 10000 records
[INFO]-[2022/01/16 14:49:30] DB Copy: Creating table wpstg0_commentmeta
[INFO]-[2022/01/16 14:49:30] DB Copy: Table wp_commentmeta contains 0 rows 
[INFO]-[2022/01/16 14:49:30] DB Copy: Creating table wpstg0_comments
[INFO]-[2022/01/16 14:49:30] DB Copy: Table wp_comments contains 1 rows 
[INFO]-[2022/01/16 14:49:30] DB Copy: Copy data from wp_comments to wpstg0_comments - 0 to 10000 records
[INFO]-[2022/01/16 14:49:30] DB Copy: Creating table wpstg0_links
[INFO]-[2022/01/16 14:49:30] DB Copy: Table wp_links contains 0 rows 
[INFO]-[2022/01/16 14:49:30] DB Copy: Creating table wpstg0_options
[INFO]-[2022/01/16 14:49:30] DB Copy: Table wp_options contains 194 rows 
[INFO]-[2022/01/16 14:49:30] DB Copy: Copy data from wp_options to wpstg0_options - 0 to 10000 records
[INFO]-[2022/01/16 14:49:30] DB Copy: Creating table wpstg0_postmeta
[INFO]-[2022/01/16 14:49:30] DB Copy: Table wp_postmeta contains 102 rows 
[INFO]-[2022/01/16 14:49:30] DB Copy: Copy data from wp_postmeta to wpstg0_postmeta - 0 to 10000 records
[INFO]-[2022/01/16 14:49:30] DB Copy: Creating table wpstg0_posts
[INFO]-[2022/01/16 14:49:30] DB Copy: Table wp_posts contains 50 rows 
[INFO]-[2022/01/16 14:49:30] DB Copy: Copy data from wp_posts to wpstg0_posts - 0 to 10000 records
[INFO]-[2022/01/16 14:49:30] DB Copy: Creating table wpstg0_term_relationships
[INFO]-[2022/01/16 14:49:30] DB Copy: Table wp_term_relationships contains 6 rows 
[INFO]-[2022/01/16 14:49:30] DB Copy: Copy data from wp_term_relationships to wpstg0_term_relationships - 0 to 10000 records
[INFO]-[2022/01/16 14:49:30] DB Copy: Creating table wpstg0_term_taxonomy
[INFO]-[2022/01/16 14:49:30] DB Copy: Table wp_term_taxonomy contains 2 rows 
[INFO]-[2022/01/16 14:49:30] DB Copy: Copy data from wp_term_taxonomy to wpstg0_term_taxonomy - 0 to 10000 records
[INFO]-[2022/01/16 14:49:30] DB Copy: Creating table wpstg0_termmeta
[INFO]-[2022/01/16 14:49:30] DB Copy: Table wp_termmeta contains 0 rows 
[INFO]-[2022/01/16 14:49:30] DB Copy: Creating table wpstg0_terms
[INFO]-[2022/01/16 14:49:30] DB Copy: Table wp_terms contains 2 rows 
[INFO]-[2022/01/16 14:49:30] DB Copy: Copy data from wp_terms to wpstg0_terms - 0 to 10000 records
[INFO]-[2022/01/16 14:49:30] DB Copy: Creating table wpstg0_usermeta
[INFO]-[2022/01/16 14:49:30] DB Copy: Table wp_usermeta contains 23 rows 
[INFO]-[2022/01/16 14:49:30] DB Copy: Copy data from wp_usermeta to wpstg0_usermeta - 0 to 10000 records
[INFO]-[2022/01/16 14:49:30] DB Copy: Creating table wpstg0_users
[INFO]-[2022/01/16 14:49:30] DB Copy: Table wp_users contains 1 rows 
[INFO]-[2022/01/16 14:49:30] DB Copy: Copy data from wp_users to wpstg0_users - 0 to 10000 records
[INFO]-[2022/01/16 14:49:31] DB Copy: Creating table wpstg0_wpforms_tasks_meta
[INFO]-[2022/01/16 14:49:31] DB Copy: Table wp_wpforms_tasks_meta contains 4 rows 
[INFO]-[2022/01/16 14:49:31] DB Copy: Copy data from wp_wpforms_tasks_meta to wpstg0_wpforms_tasks_meta - 0 to 10000 records
[INFO]-[2022/01/16 14:49:31] DB Search & Replace:  Table wpstg0_actionscheduler_actions 0 to 20000 records
[INFO]-[2022/01/16 14:49:31] DB Search & Replace:  Table wpstg0_actionscheduler_groups 0 to 20000 records
[INFO]-[2022/01/16 14:49:31] DB Search & Replace:  Table wpstg0_actionscheduler_logs 0 to 20000 records
[INFO]-[2022/01/16 14:49:31] DB Search & Replace:  Table wpstg0_comments 0 to 20000 records
[INFO]-[2022/01/16 14:49:31] DB Search & Replace:  Table wpstg0_options 0 to 20000 records
[INFO]-[2022/01/16 14:49:31] DB Search & Replace:  Table wpstg0_postmeta 0 to 20000 records
[INFO]-[2022/01/16 14:49:31] DB Search & Replace:  Table wpstg0_posts 0 to 20000 records
[INFO]-[2022/01/16 14:49:31] DB Search & Replace:  Table wpstg0_term_relationships 0 to 20000 records
[INFO]-[2022/01/16 14:49:31] DB Search & Replace:  Table wpstg0_term_taxonomy 0 to 20000 records
[INFO]-[2022/01/16 14:49:31] DB Search & Replace:  Table wpstg0_terms 0 to 20000 records
[INFO]-[2022/01/16 14:49:32] DB Search & Replace:  Table wpstg0_usermeta 0 to 20000 records
[INFO]-[2022/01/16 14:49:32] DB Search & Replace:  Table wpstg0_users 0 to 20000 records
[INFO]-[2022/01/16 14:49:32] DB Search & Replace:  Table wpstg0_wpforms_tasks_meta 0 to 20000 records
[INFO]-[2022/01/16 14:49:32] Scanning / for its files
[INFO]-[2022/01/16 14:49:32] Scanning wp-content/plugins and its sub-directories and files
[INFO]-[2022/01/16 14:49:33] Scanning wp-content/mu-plugins and its sub-directories and files
[INFO]-[2022/01/16 14:49:33] Scanning wp-content/themes and its sub-directories and files
[INFO]-[2022/01/16 14:49:33] Scanning wp-content/uploads/ and its sub-directories and files
[INFO]-[2022/01/16 14:49:33] Scanning wp-content for other directories
[INFO]-[2022/01/16 14:49:33] Scanning wp-includes for its sub-directories and files
[INFO]-[2022/01/16 14:49:33] Scanning wp-admin for its sub-directories and files
[INFO]-[2022/01/16 14:49:34] Copying files...
[INFO]-[2022/01/16 14:49:34] Total 50 files processed
[INFO]-[2022/01/16 14:49:35] Total 100 files processed
[INFO]-[2022/01/16 14:49:35] Total 150 files processed
[INFO]-[2022/01/16 14:49:35] Total 200 files processed
[INFO]-[2022/01/16 14:49:35] Total 250 files processed
[INFO]-[2022/01/16 14:49:36] Total 300 files processed
[INFO]-[2022/01/16 14:49:36] Total 350 files processed
[INFO]-[2022/01/16 14:49:36] Total 400 files processed
[INFO]-[2022/01/16 14:49:37] Total 450 files processed
[INFO]-[2022/01/16 14:49:37] Total 500 files processed
[INFO]-[2022/01/16 14:49:37] Total 550 files processed
[INFO]-[2022/01/16 14:49:38] Total 600 files processed
[INFO]-[2022/01/16 14:49:38] Total 650 files processed
[INFO]-[2022/01/16 14:49:38] Total 700 files processed
[INFO]-[2022/01/16 14:49:38] Total 750 files processed
[INFO]-[2022/01/16 14:49:39] Total 800 files processed
[INFO]-[2022/01/16 14:49:39] Total 850 files processed
[INFO]-[2022/01/16 14:49:39] Total 900 files processed
[INFO]-[2022/01/16 14:49:39] Total 950 files processed
[INFO]-[2022/01/16 14:49:40] Total 1000 files processed
[INFO]-[2022/01/16 14:49:40] Total 1050 files processed
[INFO]-[2022/01/16 14:49:40] Total 1100 files processed
[INFO]-[2022/01/16 14:49:41] Total 1150 files processed
[INFO]-[2022/01/16 14:49:41] Total 1200 files processed
[INFO]-[2022/01/16 14:49:41] Total 1250 files processed
[INFO]-[2022/01/16 14:49:42] Total 1300 files processed
[INFO]-[2022/01/16 14:49:42] Total 1350 files processed
[INFO]-[2022/01/16 14:49:42] Total 1400 files processed
[INFO]-[2022/01/16 14:49:43] Total 1450 files processed
[INFO]-[2022/01/16 14:49:43] Total 1500 files processed
[INFO]-[2022/01/16 14:49:43] Total 1550 files processed
[INFO]-[2022/01/16 14:49:43] Total 1600 files processed
[INFO]-[2022/01/16 14:49:44] Total 1650 files processed
[INFO]-[2022/01/16 14:49:44] Total 1700 files processed
[INFO]-[2022/01/16 14:49:44] Total 1750 files processed
[INFO]-[2022/01/16 14:49:45] Total 1800 files processed
[INFO]-[2022/01/16 14:49:45] Total 1850 files processed
[INFO]-[2022/01/16 14:49:45] Total 1900 files processed
[INFO]-[2022/01/16 14:49:46] Total 1950 files processed
[INFO]-[2022/01/16 14:49:46] Total 2000 files processed
[INFO]-[2022/01/16 14:49:46] Total 2050 files processed
[INFO]-[2022/01/16 14:49:47] Total 2100 files processed
[INFO]-[2022/01/16 14:49:47] Total 2150 files processed
[INFO]-[2022/01/16 14:49:47] Total 2200 files processed
[INFO]-[2022/01/16 14:49:48] Total 2250 files processed
[INFO]-[2022/01/16 14:49:48] Total 2300 files processed
[INFO]-[2022/01/16 14:49:49] Total 2350 files processed
[INFO]-[2022/01/16 14:49:49] Total 2400 files processed
[INFO]-[2022/01/16 14:49:50] Total 2450 files processed
[INFO]-[2022/01/16 14:49:50] Total 2500 files processed
[INFO]-[2022/01/16 14:49:51] Total 2550 files processed
[INFO]-[2022/01/16 14:49:51] Total 2600 files processed
[INFO]-[2022/01/16 14:49:52] Total 2650 files processed
[INFO]-[2022/01/16 14:49:52] Total 2700 files processed
[INFO]-[2022/01/16 14:49:53] Total 2750 files processed
[INFO]-[2022/01/16 14:49:53] Total 2800 files processed
[INFO]-[2022/01/16 14:49:54] Total 2850 files processed
[INFO]-[2022/01/16 14:49:55] Total 2900 files processed
[INFO]-[2022/01/16 14:49:55] Total 2950 files processed
[INFO]-[2022/01/16 14:49:56] Total 3000 files processed
[INFO]-[2022/01/16 14:49:57] Total 3050 files processed
[INFO]-[2022/01/16 14:49:58] Total 3100 files processed
[INFO]-[2022/01/16 14:49:59] Total 3150 files processed
[INFO]-[2022/01/16 14:50:00] Total 3200 files processed
[INFO]-[2022/01/16 14:50:03] Total 3250 files processed
[INFO]-[2022/01/16 14:50:04] Total 3300 files processed
[INFO]-[2022/01/16 14:50:05] Total 3350 files processed
[INFO]-[2022/01/16 14:50:06] Total 3400 files processed
[INFO]-[2022/01/16 14:50:07] Total 3450 files processed
[INFO]-[2022/01/16 14:50:07] Total 3500 files processed
[INFO]-[2022/01/16 14:50:08] Total 3550 files processed
[INFO]-[2022/01/16 14:50:09] Total 3600 files processed
[INFO]-[2022/01/16 14:50:10] Total 3650 files processed
[INFO]-[2022/01/16 14:50:11] Total 3700 files processed
[INFO]-[2022/01/16 14:50:11] Total 3750 files processed
[INFO]-[2022/01/16 14:50:12] Total 3800 files processed
[INFO]-[2022/01/16 14:50:13] Total 3850 files processed
[INFO]-[2022/01/16 14:50:13] Total 3900 files processed
[INFO]-[2022/01/16 14:50:14] Total 3950 files processed
[INFO]-[2022/01/16 14:50:15] Total 4000 files processed
[INFO]-[2022/01/16 14:50:16] Total 4050 files processed
[INFO]-[2022/01/16 14:50:17] Total 4100 files processed
[INFO]-[2022/01/16 14:50:17] Total 4150 files processed
[INFO]-[2022/01/16 14:50:18] Total 4200 files processed
[INFO]-[2022/01/16 14:50:19] Total 4250 files processed
[INFO]-[2022/01/16 14:50:20] Total 4300 files processed
[INFO]-[2022/01/16 14:50:22] Total 4350 files processed
[INFO]-[2022/01/16 14:50:23] Total 4400 files processed
[INFO]-[2022/01/16 14:50:24] Total 4450 files processed
[INFO]-[2022/01/16 14:50:25] Total 4500 files processed
[INFO]-[2022/01/16 14:50:27] Total 4550 files processed
[INFO]-[2022/01/16 14:50:28] Skipped symlinking Wp Uploads Folder
[INFO]-[2022/01/16 14:50:28] Copying files finished
[INFO]-[2022/01/16 14:50:28] DB Data Step 0: Copy wp-config.php file
[INFO]-[2022/01/16 14:50:28] DB Data Step 0: Skipping: wp-config.php already exists in /srv/www/wordpress-one/public_html/cp3402traveller/wp-config.php
[INFO]-[2022/01/16 14:50:29] DB Data Step 1: Updating siteurl and homeurl in wpstg0_options to http://one.wordpress.test/cp3402traveller
[INFO]-[2022/01/16 14:50:29] DB Data Step 3: Updating db prefix in wpstg0_usermeta.
[INFO]-[2022/01/16 14:50:29] DB Data Step 4: Updating table_prefix in /srv/www/wordpress-one/public_html/cp3402traveller/wp-config.php to wpstg0_
[INFO]-[2022/01/16 14:50:29] DB Data Step 5: WP installation is not in a subdirectory! Skipping this step
[INFO]-[2022/01/16 14:50:29] DB Data Step 6: Updating db prefix in wpstg0_options.
[INFO]-[2022/01/16 14:50:29] DB Data Step 7: Updating constants in wp-config.php
[INFO]-[2022/01/16 14:50:29] DB Data Step 7: Added:UPLOADS
[INFO]-[2022/01/16 14:50:29] DB Data Step 7: Added:WP_PLUGIN_DIR
[INFO]-[2022/01/16 14:50:29] DB Data Step 7: Added:WP_PLUGIN_URL
[INFO]-[2022/01/16 14:50:29] DB Data Step 7: Added:WP_LANG_DIR
[INFO]-[2022/01/16 14:50:29] DB Data Step 7: Added:WP_HOME
[INFO]-[2022/01/16 14:50:29] DB Data Step 7: Added:WP_SITEURL
[INFO]-[2022/01/16 14:50:29] DB Data Step 7: Added:WP_CACHE
[INFO]-[2022/01/16 14:50:29] DB Data Step 7: Added:WP_ENVIRONMENT_TYPE
[INFO]-[2022/01/16 14:50:29] DB Data Step 7: Skipping: WP_ALLOW_MULTISITE not defined in wp-config.php.
[INFO]-[2022/01/16 14:50:29] DB Data Step 7: Skipping: MULTISITE not defined in wp-config.php.
[INFO]-[2022/01/16 14:50:29] Finish: Deleting clone job's cache files...
[INFO]-[2022/01/16 14:50:29] Finish: Clone job's cache files have been deleted!
[INFO]-[2022/01/16 14:50:29] Finish: Verifying existing clones...
[INFO]-[2022/01/16 14:50:29] Finish: The job finished!
